[debug] [2022-11-28T15:27:46.012Z] ----------------------------------------------------------------------
[debug] [2022-11-28T15:27:46.014Z] Command:       C:\Program Files\nodejs\node.exe C:\Users\HP\AppData\Roaming\npm\node_modules\firebase-tools\lib\bin\firebase.js init
[debug] [2022-11-28T15:27:46.014Z] CLI Version:   11.15.0
[debug] [2022-11-28T15:27:46.014Z] Platform:      win32
[debug] [2022-11-28T15:27:46.014Z] Node Version:  v16.15.1
[debug] [2022-11-28T15:27:46.026Z] Time:          Mon Nov 28 2022 21:27:46 GMT+0600 (Bangladesh Standard Time)
[debug] [2022-11-28T15:27:46.027Z] ----------------------------------------------------------------------
[debug] 
[debug] [2022-11-28T15:27:46.034Z] >>> [apiv2][query] GET https://firebase-public.firebaseio.com/cli.json [none]
[debug] [2022-11-28T15:27:46.051Z] > command requires scopes: ["email","openid","https://www.googleapis.com/auth/cloudplatformprojects.readonly","https://www.googleapis.com/auth/firebase","https://www.googleapis.com/auth/cloud-platform"]
[debug] [2022-11-28T15:27:46.052Z] > authorizing via signed-in user (mdshafayethossain6530@gmail.com)
[info] 
     ######## #### ########  ######## ########     ###     ######  ########
     ##        ##  ##     ## ##       ##     ##  ##   ##  ##       ##
     ######    ##  ########  ######   ########  #########  ######  ######
     ##        ##  ##    ##  ##       ##     ## ##     ##       ## ##
     ##       #### ##     ## ######## ########  ##     ##  ######  ########

You're about to initialize a Firebase project in this directory:

  C:\A Programming Batch 06\Milestone 12\Assignment 12\phone-garage-client

Before we get started, keep in mind:

  * You are currently outside your home directory

[debug] [2022-11-28T15:27:46.748Z] <<< [apiv2][status] GET https://firebase-public.firebaseio.com/cli.json 200
[debug] [2022-11-28T15:27:46.748Z] <<< [apiv2][body] GET https://firebase-public.firebaseio.com/cli.json {"cloudBuildErrorAfter":1594252800000,"cloudBuildWarnAfter":1590019200000,"defaultNode10After":1594252800000,"minVersion":"3.0.5","node8DeploysDisabledAfter":1613390400000,"node8RuntimeDisabledAfter":1615809600000,"node8WarnAfter":1600128000000}
